C:\USERS\TYLER\RESEARCH\PROJECTS\KINECT-SECONDLIFE\RELEASE\CAMERAREPOSITIONING.EXE
C:\USERS\TYLER\RESEARCH\PROJECTS\KINECT-SECONDLIFE\RELEASE\CAMERAREPOSITIONING.PDB
C:\USERS\TYLER\RESEARCH\PROJECTS\KINECT-SECONDLIFE\SECONDLIFE\RELEASE\APP.RES
C:\USERS\TYLER\RESEARCH\PROJECTS\KINECT-SECONDLIFE\SECONDLIFE\RELEASE\ASSEMBLYINFO.OBJ
C:\USERS\TYLER\RESEARCH\PROJECTS\KINECT-SECONDLIFE\SECONDLIFE\RELEASE\CAMERAREPOSITIONING.EXE.INTERMEDIATE.MANIFEST
C:\USERS\TYLER\RESEARCH\PROJECTS\KINECT-SECONDLIFE\SECONDLIFE\RELEASE\CAMERAREPOSITIONING.OBJ
C:\USERS\TYLER\RESEARCH\PROJECTS\KINECT-SECONDLIFE\SECONDLIFE\RELEASE\CAMERAREPOSITIONING.PCH
C:\Users\Tyler\Research\Projects\kinect-secondlife\SecondLife\Release\CameraRepositioning.write.1.tlog
C:\Users\Tyler\Research\Projects\kinect-secondlife\SecondLife\Release\cl.command.1.tlog
C:\Users\Tyler\Research\Projects\kinect-secondlife\SecondLife\Release\CL.read.1.tlog
C:\Users\Tyler\Research\Projects\kinect-secondlife\SecondLife\Release\CL.write.1.tlog
C:\Users\Tyler\Research\Projects\kinect-secondlife\SecondLife\Release\link.command.1.tlog
C:\Users\Tyler\Research\Projects\kinect-secondlife\SecondLife\Release\link.read.1.tlog
C:\Users\Tyler\Research\Projects\kinect-secondlife\SecondLife\Release\link.write.1.tlog
C:\Users\Tyler\Research\Projects\kinect-secondlife\SecondLife\Release\link-cvtres.read.1.tlog
C:\Users\Tyler\Research\Projects\kinect-secondlife\SecondLife\Release\link-cvtres.write.1.tlog
C:\Users\Tyler\Research\Projects\kinect-secondlife\SecondLife\Release\mt.command.1.tlog
C:\Users\Tyler\Research\Projects\kinect-secondlife\SecondLife\Release\mt.read.1.tlog
C:\Users\Tyler\Research\Projects\kinect-secondlife\SecondLife\Release\mt.write.1.tlog
C:\Users\Tyler\Research\Projects\kinect-secondlife\SecondLife\Release\rc.command.1.tlog
C:\Users\Tyler\Research\Projects\kinect-secondlife\SecondLife\Release\rc.read.1.tlog
C:\Users\Tyler\Research\Projects\kinect-secondlife\SecondLife\Release\rc.write.1.tlog
C:\USERS\TYLER\RESEARCH\PROJECTS\KINECT-SECONDLIFE\SECONDLIFE\RELEASE\STDAFX.OBJ
C:\USERS\TYLER\RESEARCH\PROJECTS\KINECT-SECONDLIFE\SECONDLIFE\RELEASE\VC100.PDB
