C:\USERS\RAYS\KINECT-SECONDLIFE_GIT\DEBUG\CAMERAREPOSITIONING.EXE
C:\USERS\RAYS\KINECT-SECONDLIFE_GIT\DEBUG\CAMERAREPOSITIONING.ILK
C:\USERS\RAYS\KINECT-SECONDLIFE_GIT\DEBUG\CAMERAREPOSITIONING.PDB
C:\USERS\RAYS\KINECT-SECONDLIFE_GIT\SECONDLIFE\DEBUG\APP.RES
C:\USERS\RAYS\KINECT-SECONDLIFE_GIT\SECONDLIFE\DEBUG\ASSEMBLYINFO.OBJ
C:\USERS\RAYS\KINECT-SECONDLIFE_GIT\SECONDLIFE\DEBUG\CAMERAREPOSITIONING.EXE.INTERMEDIATE.MANIFEST
C:\USERS\RAYS\KINECT-SECONDLIFE_GIT\SECONDLIFE\DEBUG\CAMERAREPOSITIONING.OBJ
C:\USERS\RAYS\KINECT-SECONDLIFE_GIT\SECONDLIFE\DEBUG\CAMERAREPOSITIONING.PCH
C:\Users\rays\kinect-secondlife_git\SecondLife\Debug\CameraRepositioning.write.1.tlog
C:\Users\rays\kinect-secondlife_git\SecondLife\Debug\cl.command.1.tlog
C:\Users\rays\kinect-secondlife_git\SecondLife\Debug\CL.read.1.tlog
C:\Users\rays\kinect-secondlife_git\SecondLife\Debug\CL.write.1.tlog
C:\Users\rays\kinect-secondlife_git\SecondLife\Debug\link.4376.read.1.tlog
C:\Users\rays\kinect-secondlife_git\SecondLife\Debug\link.4376.write.1.tlog
C:\Users\rays\kinect-secondlife_git\SecondLife\Debug\link.4376-cvtres.read.1.tlog
C:\Users\rays\kinect-secondlife_git\SecondLife\Debug\link.4376-cvtres.write.1.tlog
C:\Users\rays\kinect-secondlife_git\SecondLife\Debug\link.command.1.tlog
C:\Users\rays\kinect-secondlife_git\SecondLife\Debug\link.read.1.tlog
C:\Users\rays\kinect-secondlife_git\SecondLife\Debug\link.write.1.tlog
C:\Users\rays\kinect-secondlife_git\SecondLife\Debug\metagen.read.1.tlog
C:\Users\rays\kinect-secondlife_git\SecondLife\Debug\metagen.write.1.tlog
C:\Users\rays\kinect-secondlife_git\SecondLife\Debug\mt.command.1.tlog
C:\Users\rays\kinect-secondlife_git\SecondLife\Debug\mt.read.1.tlog
C:\Users\rays\kinect-secondlife_git\SecondLife\Debug\mt.write.1.tlog
C:\Users\rays\kinect-secondlife_git\SecondLife\Debug\rc.command.1.tlog
C:\Users\rays\kinect-secondlife_git\SecondLife\Debug\rc.read.1.tlog
C:\Users\rays\kinect-secondlife_git\SecondLife\Debug\rc.write.1.tlog
C:\Users\rays\kinect-secondlife_git\SecondLife\Debug\RSAENH.DLL.bi
C:\USERS\RAYS\KINECT-SECONDLIFE_GIT\SECONDLIFE\DEBUG\STDAFX.OBJ
C:\Users\rays\kinect-secondlife_git\SecondLife\Debug\TZRES.DLL.bi
C:\USERS\RAYS\KINECT-SECONDLIFE_GIT\SECONDLIFE\DEBUG\VC100.PDB
