Build started 9/26/2012 4:58:19 PM.
     1>Project "C:\Users\Tyler\Research\Projects\kinect-secondlife\SecondLife\CameraRepositioning.vcxproj" on node 2 (build target(s)).
     1>PrepareForBuild:
         Creating directory "C:\Users\Tyler\Research\Projects\kinect-secondlife\Debug\".
       InitializeBuildStatus:
         Creating "Debug\CameraRepositioning.unsuccessfulbuild" because "AlwaysCreate" was specified.
       ClCompile:
         C:\Program Files (x86)\Microsoft Visual Studio 10.0\VC\bin\CL.exe /c /I.\Include /I.\Include\NI /AI"C:\Program Files (x86)\Reference Assemblies\Microsoft\Framework\.NETFramework\v4.0" /Zi /clr /nologo /W3 /WX- /Od /Oy- /D WIN32 /D _DEBUG /D _UNICODE /D UNICODE /EHa /MD /GS /fp:precise /Zc:wchar_t /Zc:forScope /Yc"StdAfx.h" /Fp"Debug\CameraRepositioning.pch" /Fo"Debug\\" /Fd"Debug\vc100.pdb" /TP /FU"C:\Program Files (x86)\Reference Assemblies\Microsoft\Framework\.NETFramework\v4.0\System.Core.dll" /FU"C:\Program Files (x86)\Reference Assemblies\Microsoft\Framework\.NETFramework\v4.0\System.Data.dll" /FU"C:\Program Files (x86)\Reference Assemblies\Microsoft\Framework\.NETFramework\v4.0\System.dll" /FU"C:\Program Files (x86)\Reference Assemblies\Microsoft\Framework\.NETFramework\v4.0\System.Xml.dll" /analyze- /errorReport:prompt stdafx.cpp /clr:nostdlib 
         stdafx.cpp
         C:\Program Files (x86)\Microsoft Visual Studio 10.0\VC\bin\CL.exe /c /I.\Include /I.\Include\NI /AI"C:\Program Files (x86)\Reference Assemblies\Microsoft\Framework\.NETFramework\v4.0" /Zi /clr /nologo /W3 /WX- /Od /Oy- /D WIN32 /D _DEBUG /D _UNICODE /D UNICODE /EHa /MD /GS /fp:precise /Zc:wchar_t /Zc:forScope /Yu"StdAfx.h" /Fp"Debug\CameraRepositioning.pch" /Fo"Debug\\" /Fd"Debug\vc100.pdb" /TP /FU"C:\Program Files (x86)\Reference Assemblies\Microsoft\Framework\.NETFramework\v4.0\System.Core.dll" /FU"C:\Program Files (x86)\Reference Assemblies\Microsoft\Framework\.NETFramework\v4.0\System.Data.dll" /FU"C:\Program Files (x86)\Reference Assemblies\Microsoft\Framework\.NETFramework\v4.0\System.dll" /FU"C:\Program Files (x86)\Reference Assemblies\Microsoft\Framework\.NETFramework\v4.0\System.Xml.dll" /analyze- /errorReport:prompt AssemblyInfo.cpp CameraRepositioning.cpp /clr:nostdlib 
         AssemblyInfo.cpp
         CameraRepositioning.cpp
         Generating Code...
     1>C:\Users\Tyler\Research\Projects\kinect-secondlife\SecondLife\CameraRepositioning.cpp : warning C4747: Calling managed '_DllMain@12': Managed code may not be run under loader lock, including the DLL entrypoint and calls reached from the DLL entrypoint
       ResourceCompile:
         C:\Program Files (x86)\Microsoft SDKs\Windows\v7.0A\bin\rc.exe /D _UNICODE /D UNICODE /l"0x0409" /nologo /fo"Debug\app.res" app.rc 
       Link:
         C:\Program Files (x86)\Microsoft Visual Studio 10.0\VC\bin\link.exe /ERRORREPORT:PROMPT /OUT:"C:\Users\Tyler\Research\Projects\kinect-secondlife\Debug\CameraRepositioning.exe" /INCREMENTAL /NOLOGO /LIBPATH:.\Lib OpenNI.lib XnVNite.lib user32.lib /NODEFAULTLIB:libcmtd.lib /NODEFAULTLIB:libcmt.lib /NODEFAULTLIB:libc.lib /NODEFAULTLIB:libcd.lib /MANIFEST /ManifestFile:"Debug\CameraRepositioning.exe.intermediate.manifest" /MANIFESTUAC:"level='asInvoker' uiAccess='false'" /DEBUG /PDB:"C:\Users\Tyler\Research\Projects\kinect-secondlife\Debug\CameraRepositioning.pdb" /ASSEMBLYDEBUG /TLBID:1 /DYNAMICBASE /FIXED:NO /NXCOMPAT /MACHINE:X86 Debug\app.res
         Debug\AssemblyInfo.obj
         Debug\CameraRepositioning.obj
         Debug\stdafx.obj 
          
     1>CameraRepositioning.obj : warning LNK4248: unresolved typeref token (01000015) for 'XnInternalNodeData'; image may not run
     1>CameraRepositioning.obj : warning LNK4248: unresolved typeref token (01000016) for 'XnNodeInfo'; image may not run
     1>CameraRepositioning.obj : warning LNK4248: unresolved typeref token (01000018) for 'XnNodeInfoList'; image may not run
     1>CameraRepositioning.obj : warning LNK4248: unresolved typeref token (0100001B) for 'XnEnumerationErrors'; image may not run
     1>CameraRepositioning.obj : warning LNK4248: unresolved typeref token (0100001C) for 'XnContext'; image may not run
         CameraRepositioning.vcxproj -> C:\Users\Tyler\Research\Projects\kinect-secondlife\Debug\CameraRepositioning.exe
       Manifest:
         C:\Program Files (x86)\Microsoft SDKs\Windows\v7.0A\bin\mt.exe /nologo /verbose /outputresource:"C:\Users\Tyler\Research\Projects\kinect-secondlife\Debug\CameraRepositioning.exe;#1" /manifest Debug\CameraRepositioning.exe.intermediate.manifest
       FinalizeBuildStatus:
         Deleting file "Debug\CameraRepositioning.unsuccessfulbuild".
         Touching "Debug\CameraRepositioning.lastbuildstate".
     1>Done Building Project "C:\Users\Tyler\Research\Projects\kinect-secondlife\SecondLife\CameraRepositioning.vcxproj" (build target(s)).

Build succeeded.

Time Elapsed 00:00:01.95
